AdsCalling/build/intermediates/manifest_merge_blame_file/debug/manifest-merger-blame-debug-report.txt
1<?xml version="1.0" encoding="utf-8"?>
2<manifest xmlns:android="http://schemas.android.com/apk/res/android"
3    package="com.amulkakadiya.AdsCalling" >
4
5    <uses-sdk
6        android:minSdkVersion="19"
6-->src\main\AndroidManifest.xml
7        android:targetSdkVersion="31" />
7-->src\main\AndroidManifest.xml
8
9    <application>
9-->src\main\AndroidManifest.xml:5:5-8:19
10        <activity
10-->src\main\AndroidManifest.xml:6:9-7:51
11            android:name="com.amulkakadiya.AdsCalling.GlobSplashActivity"
11-->src\main\AndroidManifest.xml:6:19-53
12            android:screenOrientation="portrait" />
12-->src\main\AndroidManifest.xml:7:13-49
13    </application>
14
15</manifest>